#
# There is insufficient memory for the Java Runtime Environment to continue.
# Native memory allocation (malloc) failed to allocate 65936 bytes for Chunk::new
# Possible reasons:
#   The system is out of physical RAM or swap space
#   In 32 bit mode, the process size limit was hit
# Possible solutions:
#   Reduce memory load on the system
#   Increase physical memory or swap space
#   Check if swap backing store is full
#   Use 64 bit Java on a 64 bit OS
#   Decrease Java heap size (-Xmx/-Xms)
#   Decrease number of Java threads
#   Decrease Java thread stack sizes (-Xss)
#   Set larger code cache with -XX:ReservedCodeCacheSize=
# This output file may be truncated or incomplete.
#
#  Out of Memory Error (allocation.cpp:325), pid=8928, tid=13424
#
# JRE version: 7.0-b147
# Java VM: Java HotSpot(TM) 64-Bit Server VM (21.0-b17 mixed mode windows-amd64 compressed oops)
# Failed to write core dump. Minidumps are not enabled by default on client versions of Windows
#

---------------  T H R E A D  ---------------

Current thread (0x0000000005b6c000):  JavaThread "C2 CompilerThread1" daemon [_thread_in_native, id=13424, stack(0x0000000006820000,0x0000000006920000)]

Stack: [0x0000000006820000,0x0000000006920000]

Current CompileTask:
C2:   7655  657             com.android.dx.ssa.back.InterferenceGraph::<init> (42 bytes)


---------------  P R O C E S S  ---------------

Java Threads: ( => current thread )
  0x0000000006c27000 JavaThread "pool-1-thread-4" [_thread_in_Java, id=21420, stack(0x0000000007320000,0x0000000007420000)]
  0x0000000006c26000 JavaThread "pool-1-thread-3" [_thread_blocked, id=13772, stack(0x0000000007220000,0x0000000007320000)]
  0x0000000006c23800 JavaThread "pool-1-thread-2" [_thread_in_Java, id=20592, stack(0x0000000007120000,0x0000000007220000)]
  0x0000000006c22800 JavaThread "pool-2-thread-1" [_thread_blocked, id=6936, stack(0x0000000007020000,0x0000000007120000)]
  0x0000000006ca3000 JavaThread "pool-1-thread-1" [_thread_in_Java, id=16184, stack(0x0000000006f20000,0x0000000007020000)]
  0x0000000005b7e000 JavaThread "Service Thread" daemon [_thread_blocked, id=20144, stack(0x0000000006920000,0x0000000006a20000)]
=>0x0000000005b6c000 JavaThread "C2 CompilerThread1" daemon [_thread_in_native, id=13424, stack(0x0000000006820000,0x0000000006920000)]
  0x0000000005b6a000 JavaThread "C2 CompilerThread0" daemon [_thread_in_native, id=16964, stack(0x0000000006720000,0x0000000006820000)]
  0x0000000005b69800 JavaThread "Attach Listener" daemon [_thread_blocked, id=6136, stack(0x0000000006620000,0x0000000006720000)]
  0x0000000005b66800 JavaThread "Signal Dispatcher" daemon [_thread_blocked, id=19020, stack(0x0000000006520000,0x0000000006620000)]
  0x0000000005afa000 JavaThread "Finalizer" daemon [_thread_blocked, id=23568, stack(0x0000000006420000,0x0000000006520000)]
  0x0000000005af6800 JavaThread "Reference Handler" daemon [_thread_blocked, id=19100, stack(0x0000000006320000,0x0000000006420000)]
  0x000000000227d000 JavaThread "main" [_thread_in_Java, id=13908, stack(0x0000000002000000,0x0000000002100000)]

Other Threads:
  0x0000000005aef000 VMThread [stack: 0x0000000006220000,0x0000000006320000] [id=20224]
  0x0000000005b87800 WatcherThread [stack: 0x0000000006a20000,0x0000000006b20000] [id=22900]

VM state:not at safepoint (normal execution)

VM Mutex/Monitor currently owned by a thread: None

Heap
 PSYoungGen      total 281792K, used 84346K [0x00000000eaab0000, 0x0000000100000000, 0x0000000100000000)
  eden space 214080K, 7% used [0x00000000eaab0000,0x00000000ebaf2120,0x00000000f7bc0000)
  from space 67712K, 99% used [0x00000000f7bc0000,0x00000000fbddc990,0x00000000fbde0000)
  to   space 67712K, 0% used [0x00000000fbde0000,0x00000000fbde0000,0x0000000100000000)
 PSOldGen        total 252864K, used 150280K [0x00000000c0000000, 0x00000000cf6f0000, 0x00000000eaab0000)
  object space 252864K, 59% used [0x00000000c0000000,0x00000000c92c21b0,0x00000000cf6f0000)
 PSPermGen       total 21248K, used 6081K [0x00000000bae00000, 0x00000000bc2c0000, 0x00000000c0000000)
  object space 21248K, 28% used [0x00000000bae00000,0x00000000bb3f0638,0x00000000bc2c0000)

Code Cache  [0x0000000002280000, 0x0000000002540000, 0x0000000005280000)
 total_blobs=880 nmethods=647 adapters=184 free_code_cache=46714Kb largest_free_block=47501568

Dynamic libraries:
0x00007ff65e5b0000 - 0x00007ff65e5e3000 	C:\Program Files\Java\jdk1.7.0\bin\java.exe
0x00007ffaa5c90000 - 0x00007ffaa5e51000 	C:\WINDOWS\SYSTEM32\ntdll.dll
0x00007ffaa5480000 - 0x00007ffaa552d000 	C:\WINDOWS\system32\KERNEL32.DLL
0x00007ffaa2db0000 - 0x00007ffaa2f98000 	C:\WINDOWS\system32\KERNELBASE.dll
0x00007ffaa5140000 - 0x00007ffaa51e7000 	C:\WINDOWS\system32\ADVAPI32.dll
0x00007ffaa53e0000 - 0x00007ffaa547d000 	C:\WINDOWS\system32\msvcrt.dll
0x00007ffaa38a0000 - 0x00007ffaa38fb000 	C:\WINDOWS\system32\sechost.dll
0x00007ffaa3900000 - 0x00007ffaa3a1c000 	C:\WINDOWS\system32\RPCRT4.dll
0x00007ffaa5ad0000 - 0x00007ffaa5c26000 	C:\WINDOWS\system32\USER32.dll
0x00007ffaa3090000 - 0x00007ffaa3216000 	C:\WINDOWS\system32\GDI32.dll
0x00007ffa9f6c0000 - 0x00007ffa9f934000 	C:\WINDOWS\WinSxS\amd64_microsoft.windows.common-controls_6595b64144ccf1df_6.0.10586.0_none_8c15ae12515e1c22\COMCTL32.dll
0x00007ffaa3330000 - 0x00007ffaa35ad000 	C:\WINDOWS\system32\combase.dll
0x00007ffaa2340000 - 0x00007ffaa23aa000 	C:\WINDOWS\system32\bcryptPrimitives.dll
0x00007ffaa53a0000 - 0x00007ffaa53db000 	C:\WINDOWS\system32\IMM32.DLL
0x00007ffaa21a0000 - 0x00007ffaa21d1000 	C:\windows\system32\nvinitx.dll
0x00007ffaa2190000 - 0x00007ffaa219a000 	C:\WINDOWS\SYSTEM32\VERSION.dll
0x000000006b370000 - 0x000000006b441000 	C:\Program Files\Java\jdk1.7.0\jre\bin\msvcr100.dll
0x000000006b8f0000 - 0x000000006bfbe000 	C:\Program Files\Java\jdk1.7.0\jre\bin\server\jvm.dll
0x00007ffaa35d0000 - 0x00007ffaa35d8000 	C:\WINDOWS\system32\PSAPI.DLL
0x00007ffa91a80000 - 0x00007ffa91a89000 	C:\WINDOWS\SYSTEM32\WSOCK32.dll
0x00007ffaa35e0000 - 0x00007ffaa364b000 	C:\WINDOWS\system32\WS2_32.dll
0x00007ffaa01b0000 - 0x00007ffaa01d3000 	C:\WINDOWS\SYSTEM32\WINMM.dll
0x00007ffaa0150000 - 0x00007ffaa017c000 	C:\WINDOWS\SYSTEM32\WINMMBASE.dll
0x00007ffaa2650000 - 0x00007ffaa2693000 	C:\WINDOWS\system32\cfgmgr32.dll
0x000000006ce90000 - 0x000000006ce9f000 	C:\Program Files\Java\jdk1.7.0\jre\bin\verify.dll
0x000000006ce60000 - 0x000000006ce88000 	C:\Program Files\Java\jdk1.7.0\jre\bin\java.dll
0x000000006ce40000 - 0x000000006ce55000 	C:\Program Files\Java\jdk1.7.0\jre\bin\zip.dll
0x000000006ce20000 - 0x000000006ce39000 	C:\Program Files\Java\jdk1.7.0\jre\bin\net.dll
0x00007ffaa1b30000 - 0x00007ffaa1b8c000 	C:\WINDOWS\system32\mswsock.dll
0x000000006ce00000 - 0x000000006ce11000 	C:\Program Files\Java\jdk1.7.0\jre\bin\nio.dll

VM Arguments:
jvm_args: -Xmx1024M -Dfile.encoding=windows-1252 -Duser.country=US -Duser.language=en -Duser.variant 
java_command: com.android.dx.command.Main --dex --num-threads=4 --output C:\Users\Vathsav\Documents\Nanodegree\Project Files\Project 4\BuildItBigger\app\build\intermediates\pre-dexed\debug\classes-f5015d9cc3fdcf738aab703fa71deb5de67d27c6.jar C:\Users\Vathsav\Documents\Nanodegree\Project Files\Project 4\BuildItBigger\app\build\intermediates\exploded-aar\com.google.android.gms\play-services-ads\8.3.0\jars\classes.jar
Launcher Type: SUN_STANDARD

Environment Variables:
PATH=C:\ProgramData\Oracle\Java\javapath;C:\Program Files (x86)\Intel\iCLS Client\;C:\Program Files\Intel\iCLS Client\;C:\WINDOWS\system32;C:\WINDOWS;C:\WINDOWS\System32\Wbem;C:\WINDOWS\System32\WindowsPowerShell\v1.0\;C:\Program Files (x86)\Intel\OpenCL SDK\3.0\bin\x86;C:\Program Files (x86)\Intel\OpenCL SDK\3.0\bin\x64;C:\Program Files\Intel\Intel(R) Management Engine Components\DAL;C:\Program Files\Intel\Intel(R) Management Engine Components\IPT;C:\Program Files (x86)\Intel\Intel(R) Management Engine Components\DAL;C:\Program Files (x86)\Intel\Intel(R) Management Engine Components\IPT;C:\Program Files\Lenovo\Bluetooth Software\;C:\Program Files\Lenovo\Bluetooth Software\syswow64;C:\Program Files\Java\jdk1.7.0\bin;C:\Program Files\MATLAB\R2012b\runtime\win64;C:\Program Files\MATLAB\R2012b\bin;C:\Program Files (x86)\NVIDIA Corporation\PhysX\Common;C:\Program Files (x86)\QuickTime\QTSystem\;C:\WINDOWS\system32;C:\WINDOWS;C:\WINDOWS\System32\Wbem;C:\WINDOWS\System32\WindowsPowerShell\v1.0\;C:\Ruby\bin;C:\Program Files\Ruby\bin;C:\Program Files\Ruby22-x64\bin\;C:\Program Files (x86)\Gradle-2.8\bin
USERNAME=Vathsav
OS=Windows_NT
PROCESSOR_IDENTIFIER=Intel64 Family 6 Model 60 Stepping 3, GenuineIntel



---------------  S Y S T E M  ---------------

OS: Windows NT 6.2 Build 9200 

CPU:total 4 (2 cores per cpu, 2 threads per core) family 6 model 60 stepping 3, cmov, cx8, fxsr, mmx, sse, sse2, sse3, ssse3, sse4.1, sse4.2, popcnt, ht

Memory: 4k page, physical 8298776k(1120432k free), swap 12208408k(6344k free)

vm_info: Java HotSpot(TM) 64-Bit Server VM (21.0-b17) for windows-amd64 JRE (1.7.0-b147), built on Jun 27 2011 02:19:45 by "java_re" with unknown MS VC++:1600

time: Fri Jan 08 06:17:40 2016
elapsed time: 7 seconds

